<?xml version="1.0" encoding="UTF-8"?>
<coverage generated="1777023160861" clover="3.2.0">
  <project timestamp="1777023160861" name="All files">
    <metrics statements="11" coveredstatements="0" conditionals="9" coveredconditionals="0" methods="4" coveredmethods="0" elements="24" coveredelements="0" complexity="0" loc="11" ncloc="11" packages="2" files="2" classes="2"/>
    <package name="components.ArticleList">
      <metrics statements="6" coveredstatements="0" conditionals="4" coveredconditionals="0" methods="2" coveredmethods="0"/>
      <file name="index.vue" path="E:\桌面\shiyi-blog-master\blog-web\src\components\ArticleList\index.vue">
        <metrics statements="6" coveredstatements="0" conditionals="4" coveredconditionals="0" methods="2" coveredmethods="0"/>
        <line num="1" count="0" type="cond" truecount="0" falsecount="2"/>
        <line num="58" count="0" type="stmt"/>
        <line num="60" count="0" type="stmt"/>
        <line num="61" count="0" type="stmt"/>
        <line num="62" count="0" type="stmt"/>
        <line num="63" count="0" type="cond" truecount="0" falsecount="2"/>
      </file>
    </package>
    <package name="views.Login">
      <metrics statements="5" coveredstatements="0" conditionals="5" coveredconditionals="0" methods="2" coveredmethods="0"/>
      <file name="index.vue" path="E:\桌面\shiyi-blog-master\blog-web\src\views\Login\index.vue">
        <metrics statements="5" coveredstatements="0" conditionals="5" coveredconditionals="0" methods="2" coveredmethods="0"/>
        <line num="1" count="0" type="cond" truecount="0" falsecount="3"/>
        <line num="153" count="0" type="stmt"/>
        <line num="155" count="0" type="stmt"/>
        <line num="156" count="0" type="stmt"/>
        <line num="157" count="0" type="cond" truecount="0" falsecount="2"/>
      </file>
    </package>
  </project>
</coverage>
