{"E:\\桌面\\shiyi-blog-master\\blog-web\\src\\components\\ArticleList\\index.vue": {"path":"E:\\桌面\\shiyi-blog-master\\blog-web\\src\\components\\ArticleList\\index.vue","statementMap":{"0":{"start":{"line":60,"column":0},"end":{"line":60,"column":null}},"1":{"start":{"line":61,"column":0},"end":{"line":61,"column":null}},"2":{"start":{"line":62,"column":0},"end":{"line":62,"column":null}},"3":{"start":{"line":63,"column":0},"end":{"line":63,"column":null}},"4":{"start":{"line":58,"column":0},"end":{"line":114,"column":null}},"5":{"start":{"line":1,"column":0},"end":{"line":1,"column":null}}},"fnMap":{"0":{"name":"_interopRequireDefault","decl":{"start":{"line":63,"column":0},"end":{"line":63,"column":null}},"loc":{"start":{"line":63,"column":0},"end":{"line":63,"column":null}}},"1":{"name":"(anonymous_5)","decl":{"start":{"line":1,"column":0},"end":{"line":1,"column":null}},"loc":{"start":{"line":1,"column":0},"end":{"line":1,"column":null}}}},"branchMap":{"0":{"loc":{"start":{"line":63,"column":0},"end":{"line":63,"column":null}},"type":"cond-expr","locations":[{"start":{"line":63,"column":0},"end":{"line":63,"column":null}},{"start":{"line":63,"column":0},"end":{"line":63,"column":null}}]},"1":{"loc":{"start":{"line":1,"column":0},"end":{"line":1,"column":null}},"type":"binary-expr","locations":[{"start":{"line":1,"column":0},"end":{"line":1,"column":null}},{"start":{"line":1,"column":0},"end":{"line":1,"column":null}}]}},"s":{"0":0,"1":0,"2":0,"3":0,"4":0,"5":0},"f":{"0":0,"1":0},"b":{"0":[0,0],"1":[0,0]}}
,"E:\\桌面\\shiyi-blog-master\\blog-web\\src\\views\\Login\\index.vue": {"path":"E:\\桌面\\shiyi-blog-master\\blog-web\\src\\views\\Login\\index.vue","statementMap":{"0":{"start":{"line":155,"column":0},"end":{"line":155,"column":null}},"1":{"start":{"line":156,"column":0},"end":{"line":156,"column":null}},"2":{"start":{"line":157,"column":0},"end":{"line":157,"column":null}},"3":{"start":{"line":153,"column":0},"end":{"line":327,"column":null}},"4":{"start":{"line":1,"column":0},"end":{"line":1,"column":null}}},"fnMap":{"0":{"name":"_interopRequireDefault","decl":{"start":{"line":157,"column":0},"end":{"line":157,"column":null}},"loc":{"start":{"line":157,"column":0},"end":{"line":157,"column":null}}},"1":{"name":"(anonymous_23)","decl":{"start":{"line":1,"column":0},"end":{"line":1,"column":null}},"loc":{"start":{"line":1,"column":0},"end":{"line":1,"column":null}}}},"branchMap":{"0":{"loc":{"start":{"line":157,"column":0},"end":{"line":157,"column":null}},"type":"cond-expr","locations":[{"start":{"line":157,"column":0},"end":{"line":157,"column":null}},{"start":{"line":157,"column":0},"end":{"line":157,"column":null}}]},"1":{"loc":{"start":{"line":1,"column":0},"end":{"line":1,"column":null}},"type":"cond-expr","locations":[{"start":{"line":1,"column":0},"end":{"line":1,"column":null}},{"start":{"line":1,"column":0},"end":{"line":1,"column":null}}]},"2":{"loc":{"start":{"line":1,"column":0},"end":{"line":1,"column":null}},"type":"if","locations":[{"start":{"line":1,"column":0},"end":{"line":1,"column":null}}]}},"s":{"0":0,"1":0,"2":0,"3":0,"4":0},"f":{"0":0,"1":0},"b":{"0":[0,0],"1":[0,0],"2":[0]}}
}
