TN:
SF:src\components\ArticleList\index.vue
FN:63,_interopRequireDefault
FN:1,(anonymous_5)
FNF:2
FNH:0
FNDA:0,_interopRequireDefault
FNDA:0,(anonymous_5)
DA:1,0
DA:58,0
DA:60,0
DA:61,0
DA:62,0
DA:63,0
LF:6
LH:0
BRDA:63,0,0,0
BRDA:63,0,1,0
BRDA:1,1,0,0
BRDA:1,1,1,0
BRF:4
BRH:0
end_of_record
TN:
SF:src\views\Login\index.vue
FN:157,_interopRequireDefault
FN:1,(anonymous_23)
FNF:2
FNH:0
FNDA:0,_interopRequireDefault
FNDA:0,(anonymous_23)
DA:1,0
DA:153,0
DA:155,0
DA:156,0
DA:157,0
LF:5
LH:0
BRDA:157,0,0,0
BRDA:157,0,1,0
BRDA:1,1,0,0
BRDA:1,1,1,0
BRDA:1,2,0,0
BRF:5
BRH:0
end_of_record
